# JRE version: OpenJDK Runtime Environment (8.0_242-b01) (build 1.8.0_242-release-1644-b01)
# Java VM: OpenJDK 64-Bit Server VM (25.242-b01 mixed mode windows-amd64 compressed oops)
Heap:
 PSYoungGen      total 548864K, used 39407K [0x00000000d5580000, 0x00000000f8000000, 0x0000000100000000)
  eden space 529920K, 6% used [0x00000000d5580000,0x00000000d794d9a8,0x00000000f5b00000)
  from space 18944K, 14% used [0x00000000f5b00000,0x00000000f5dae550,0x00000000f6d80000)
  to   space 13312K, 0% used [0x00000000f7300000,0x00000000f7300000,0x00000000f8000000)
 ParOldGen       total 143872K, used 97385K [0x0000000080000000, 0x0000000088c80000, 0x00000000d5580000)
  object space 143872K, 67% used [0x0000000080000000,0x0000000085f1a430,0x0000000088c80000)
 Metaspace       used 77505K, capacity 81800K, committed 83480K, reserved 1120256K
  class space    used 10560K, capacity 11355K, committed 11824K, reserved 1048576K
GC Heap History (10 events):
Event: 271.155 GC heap before
{Heap before GC invocations=31 (full 4):
 PSYoungGen      total 392704K, used 377742K [0x00000000d5580000, 0x00000000eeb00000, 0x0000000100000000)
  eden space 369152K, 100% used [0x00000000d5580000,0x00000000ebe00000,0x00000000ebe00000)
  from space 23552K, 36% used [0x00000000ed400000,0x00000000edc638b8,0x00000000eeb00000)
  to   space 22528K, 0% used [0x00000000ebe00000,0x00000000ebe00000,0x00000000ed400000)
 ParOldGen       total 143872K, used 82116K [0x0000000080000000, 0x0000000088c80000, 0x00000000d5580000)
  object space 143872K, 57% used [0x0000000080000000,0x00000000850312a8,0x0000000088c80000)
 Metaspace       used 77249K, capacity 81618K, committed 83224K, reserved 1120256K
  class space    used 10553K, capacity 11350K, committed 11824K, reserved 1048576K
Event: 274.270 GC heap after
Heap after GC invocations=31 (full 4):
 PSYoungGen      total 391680K, used 6736K [0x00000000d5580000, 0x00000000f3680000, 0x0000000100000000)
  eden space 369152K, 0% used [0x00000000d5580000,0x00000000d5580000,0x00000000ebe00000)
  from space 22528K, 29% used [0x00000000ebe00000,0x00000000ec494258,0x00000000ed400000)
  to   space 21504K, 0% used [0x00000000f2180000,0x00000000f2180000,0x00000000f3680000)
 ParOldGen       total 143872K, used 88481K [0x0000000080000000, 0x0000000088c80000, 0x00000000d5580000)
  object space 143872K, 61% used [0x0000000080000000,0x0000000085668438,0x0000000088c80000)
 Metaspace       used 77249K, capacity 81618K, committed 83224K, reserved 1120256K
  class space    used 10553K, capacity 11350K, committed 11824K, reserved 1048576K
}
Event: 296.379 GC heap before
{Heap before GC invocations=32 (full 4):
 PSYoungGen      total 391680K, used 375888K [0x00000000d5580000, 0x00000000f3680000, 0x0000000100000000)
  eden space 369152K, 100% used [0x00000000d5580000,0x00000000ebe00000,0x00000000ebe00000)
  from space 22528K, 29% used [0x00000000ebe00000,0x00000000ec494258,0x00000000ed400000)
  to   space 21504K, 0% used [0x00000000f2180000,0x00000000f2180000,0x00000000f3680000)
 ParOldGen       total 143872K, used 88481K [0x0000000080000000, 0x0000000088c80000, 0x00000000d5580000)
  object space 143872K, 61% used [0x0000000080000000,0x0000000085668438,0x0000000088c80000)
 Metaspace       used 77376K, capacity 81696K, committed 83480K, reserved 1120256K
  class space    used 10555K, capacity 11351K, committed 11824K, reserved 1048576K
Event: 298.644 GC heap after
Heap after GC invocations=32 (full 4):
 PSYoungGen      total 461824K, used 7397K [0x00000000d5580000, 0x00000000f3080000, 0x0000000100000000)
  eden space 446464K, 0% used [0x00000000d5580000,0x00000000d5580000,0x00000000f0980000)
  from space 15360K, 48% used [0x00000000f2180000,0x00000000f28b9618,0x00000000f3080000)
  to   space 19968K, 0% used [0x00000000f0980000,0x00000000f0980000,0x00000000f1d00000)
 ParOldGen       total 143872K, used 90563K [0x0000000080000000, 0x0000000088c80000, 0x00000000d5580000)
  object space 143872K, 62% used [0x0000000080000000,0x0000000085870fa0,0x0000000088c80000)
 Metaspace       used 77376K, capacity 81696K, committed 83480K, reserved 1120256K
  class space    used 10555K, capacity 11351K, committed 11824K, reserved 1048576K
}
Event: 313.378 GC heap before
{Heap before GC invocations=33 (full 4):
 PSYoungGen      total 461824K, used 453861K [0x00000000d5580000, 0x00000000f3080000, 0x0000000100000000)
  eden space 446464K, 100% used [0x00000000d5580000,0x00000000f0980000,0x00000000f0980000)
  from space 15360K, 48% used [0x00000000f2180000,0x00000000f28b9618,0x00000000f3080000)
  to   space 19968K, 0% used [0x00000000f0980000,0x00000000f0980000,0x00000000f1d00000)
 ParOldGen       total 143872K, used 90563K [0x0000000080000000, 0x0000000088c80000, 0x00000000d5580000)
  object space 143872K, 62% used [0x0000000080000000,0x0000000085870fa0,0x0000000088c80000)
 Metaspace       used 77423K, capacity 81726K, committed 83480K, reserved 1120256K
  class space    used 10558K, capacity 11354K, committed 11824K, reserved 1048576K
Event: 314.621 GC heap after
Heap after GC invocations=33 (full 4):
 PSYoungGen      total 466432K, used 8231K [0x00000000d5580000, 0x00000000f8580000, 0x0000000100000000)
  eden space 446464K, 0% used [0x00000000d5580000,0x00000000d5580000,0x00000000f0980000)
  from space 19968K, 41% used [0x00000000f0980000,0x00000000f1189e50,0x00000000f1d00000)
  to   space 18944K, 0% used [0x00000000f7300000,0x00000000f7300000,0x00000000f8580000)
 ParOldGen       total 143872K, used 94162K [0x0000000080000000, 0x0000000088c80000, 0x00000000d5580000)
  object space 143872K, 65% used [0x0000000080000000,0x0000000085bf49f8,0x0000000088c80000)
 Metaspace       used 77423K, capacity 81726K, committed 83480K, reserved 1120256K
  class space    used 10558K, capacity 11354K, committed 11824K, reserved 1048576K
}
Event: 335.652 GC heap before
{Heap before GC invocations=34 (full 4):
 PSYoungGen      total 466432K, used 454695K [0x00000000d5580000, 0x00000000f8580000, 0x0000000100000000)
  eden space 446464K, 100% used [0x00000000d5580000,0x00000000f0980000,0x00000000f0980000)
  from space 19968K, 41% used [0x00000000f0980000,0x00000000f1189e50,0x00000000f1d00000)
  to   space 18944K, 0% used [0x00000000f7300000,0x00000000f7300000,0x00000000f8580000)
 ParOldGen       total 143872K, used 94162K [0x0000000080000000, 0x0000000088c80000, 0x00000000d5580000)
  object space 143872K, 65% used [0x0000000080000000,0x0000000085bf49f8,0x0000000088c80000)
 Metaspace       used 77463K, capacity 81796K, committed 83480K, reserved 1120256K
  class space    used 10560K, capacity 11355K, committed 11824K, reserved 1048576K
Event: 336.806 GC heap after
Heap after GC invocations=34 (full 4):
 PSYoungGen      total 543232K, used 10288K [0x00000000d5580000, 0x00000000f8000000, 0x0000000100000000)
  eden space 529920K, 0% used [0x00000000d5580000,0x00000000d5580000,0x00000000f5b00000)
  from space 13312K, 77% used [0x00000000f7300000,0x00000000f7d0c3c8,0x00000000f8000000)
  to   space 18944K, 0% used [0x00000000f5b00000,0x00000000f5b00000,0x00000000f6d80000)
 ParOldGen       total 143872K, used 95605K [0x0000000080000000, 0x0000000088c80000, 0x00000000d5580000)
  object space 143872K, 66% used [0x0000000080000000,0x0000000085d5d660,0x0000000088c80000)
 Metaspace       used 77463K, capacity 81796K, committed 83480K, reserved 1120256K
  class space    used 10560K, capacity 11355K, committed 11824K, reserved 1048576K
}
Event: 373.813 GC heap before
{Heap before GC invocations=35 (full 4):
 PSYoungGen      total 543232K, used 540208K [0x00000000d5580000, 0x00000000f8000000, 0x0000000100000000)
  eden space 529920K, 100% used [0x00000000d5580000,0x00000000f5b00000,0x00000000f5b00000)
  from space 13312K, 77% used [0x00000000f7300000,0x00000000f7d0c3c8,0x00000000f8000000)
  to   space 18944K, 0% used [0x00000000f5b00000,0x00000000f5b00000,0x00000000f6d80000)
 ParOldGen       total 143872K, used 95605K [0x0000000080000000, 0x0000000088c80000, 0x00000000d5580000)
  object space 143872K, 66% used [0x0000000080000000,0x0000000085d5d660,0x0000000088c80000)
 Metaspace       used 77498K, capacity 81800K, committed 83480K, reserved 1120256K
  class space    used 10560K, capacity 11355K, committed 11824K, reserved 1048576K
Event: 375.806 GC heap after
Heap after GC invocations=35 (full 4):
 PSYoungGen      total 548864K, used 2745K [0x00000000d5580000, 0x00000000f8000000, 0x0000000100000000)
  eden space 529920K, 0% used [0x00000000d5580000,0x00000000d5580000,0x00000000f5b00000)
  from space 18944K, 14% used [0x00000000f5b00000,0x00000000f5dae550,0x00000000f6d80000)
  to   space 13312K, 0% used [0x00000000f7300000,0x00000000f7300000,0x00000000f8000000)
 ParOldGen       total 143872K, used 97385K [0x0000000080000000, 0x0000000088c80000, 0x00000000d5580000)
  object space 143872K, 67% used [0x0000000080000000,0x0000000085f1a430,0x0000000088c80000)
 Metaspace       used 77498K, capacity 81800K, committed 83480K, reserved 1120256K
  class space    used 10560K, capacity 11355K, committed 11824K, reserved 1048576K
}

