# JRE version: OpenJDK Runtime Environment (8.0_242-b01) (build 1.8.0_242-release-1644-b01)
# Java VM: OpenJDK 64-Bit Server VM (25.242-b01 mixed mode windows-amd64 compressed oops)
Heap:
 PSYoungGen      total 344576K, used 37963K [0x00000000d5580000, 0x00000000ed900000, 0x0000000100000000)
  eden space 313344K, 4% used [0x00000000d5580000,0x00000000d6256998,0x00000000e8780000)
  from space 31232K, 79% used [0x00000000e8780000,0x00000000e9fbc4f8,0x00000000ea600000)
  to   space 29696K, 0% used [0x00000000ea600000,0x00000000ea600000,0x00000000ec300000)
 ParOldGen       total 124416K, used 64337K [0x0000000080000000, 0x0000000087980000, 0x00000000d5580000)
  object space 124416K, 51% used [0x0000000080000000,0x0000000083ed4410,0x0000000087980000)
 Metaspace       used 107210K, capacity 112774K, committed 113100K, reserved 1146880K
  class space    used 14114K, capacity 15245K, committed 15348K, reserved 1048576K
GC Heap History (10 events):
Event: 108.250 GC heap before
{Heap before GC invocations=23 (full 3):
 PSYoungGen      total 268288K, used 268283K [0x00000000d5580000, 0x00000000e9b00000, 0x0000000100000000)
  eden space 246784K, 100% used [0x00000000d5580000,0x00000000e4680000,0x00000000e4680000)
  from space 21504K, 99% used [0x00000000e4680000,0x00000000e5b7ec00,0x00000000e5b80000)
  to   space 27136K, 0% used [0x00000000e8080000,0x00000000e8080000,0x00000000e9b00000)
 ParOldGen       total 80896K, used 57025K [0x0000000080000000, 0x0000000084f00000, 0x00000000d5580000)
  object space 80896K, 70% used [0x0000000080000000,0x00000000837b04b0,0x0000000084f00000)
 Metaspace       used 87555K, capacity 91978K, committed 92248K, reserved 1128448K
  class space    used 11651K, capacity 12564K, committed 12672K, reserved 1048576K
Event: 109.446 GC heap after
Heap after GC invocations=23 (full 3):
 PSYoungGen      total 304128K, used 20520K [0x00000000d5580000, 0x00000000ea000000, 0x0000000100000000)
  eden space 276992K, 0% used [0x00000000d5580000,0x00000000d5580000,0x00000000e6400000)
  from space 27136K, 75% used [0x00000000e8080000,0x00000000e948a338,0x00000000e9b00000)
  to   space 29184K, 0% used [0x00000000e6400000,0x00000000e6400000,0x00000000e8080000)
 ParOldGen       total 80896K, used 62265K [0x0000000080000000, 0x0000000084f00000, 0x00000000d5580000)
  object space 80896K, 76% used [0x0000000080000000,0x0000000083cce7c0,0x0000000084f00000)
 Metaspace       used 87555K, capacity 91978K, committed 92248K, reserved 1128448K
  class space    used 11651K, capacity 12564K, committed 12672K, reserved 1048576K
}
Event: 278.752 GC heap before
{Heap before GC invocations=24 (full 3):
 PSYoungGen      total 304128K, used 297512K [0x00000000d5580000, 0x00000000ea000000, 0x0000000100000000)
  eden space 276992K, 100% used [0x00000000d5580000,0x00000000e6400000,0x00000000e6400000)
  from space 27136K, 75% used [0x00000000e8080000,0x00000000e948a338,0x00000000e9b00000)
  to   space 29184K, 0% used [0x00000000e6400000,0x00000000e6400000,0x00000000e8080000)
 ParOldGen       total 80896K, used 62265K [0x0000000080000000, 0x0000000084f00000, 0x00000000d5580000)
  object space 80896K, 76% used [0x0000000080000000,0x0000000083cce7c0,0x0000000084f00000)
 Metaspace       used 91915K, capacity 96448K, committed 96600K, reserved 1132544K
  class space    used 12153K, capacity 13095K, committed 13184K, reserved 1048576K
Event: 282.206 GC heap after
Heap after GC invocations=24 (full 3):
 PSYoungGen      total 306176K, used 17900K [0x00000000d5580000, 0x00000000ec300000, 0x0000000100000000)
  eden space 276992K, 0% used [0x00000000d5580000,0x00000000d5580000,0x00000000e6400000)
  from space 29184K, 61% used [0x00000000e6400000,0x00000000e757b318,0x00000000e8080000)
  to   space 29696K, 0% used [0x00000000ea600000,0x00000000ea600000,0x00000000ec300000)
 ParOldGen       total 80896K, used 62273K [0x0000000080000000, 0x0000000084f00000, 0x00000000d5580000)
  object space 80896K, 76% used [0x0000000080000000,0x0000000083cd07c0,0x0000000084f00000)
 Metaspace       used 91915K, capacity 96448K, committed 96600K, reserved 1132544K
  class space    used 12153K, capacity 13095K, committed 13184K, reserved 1048576K
}
Event: 317.293 GC heap before
{Heap before GC invocations=25 (full 3):
 PSYoungGen      total 306176K, used 183094K [0x00000000d5580000, 0x00000000ec300000, 0x0000000100000000)
  eden space 276992K, 59% used [0x00000000d5580000,0x00000000df6d2648,0x00000000e6400000)
  from space 29184K, 61% used [0x00000000e6400000,0x00000000e757b318,0x00000000e8080000)
  to   space 29696K, 0% used [0x00000000ea600000,0x00000000ea600000,0x00000000ec300000)
 ParOldGen       total 80896K, used 62273K [0x0000000080000000, 0x0000000084f00000, 0x00000000d5580000)
  object space 80896K, 76% used [0x0000000080000000,0x0000000083cd07c0,0x0000000084f00000)
 Metaspace       used 93589K, capacity 98298K, committed 98380K, reserved 1134592K
  class space    used 12381K, capacity 13350K, committed 13428K, reserved 1048576K
Event: 320.934 GC heap after
Heap after GC invocations=25 (full 3):
 PSYoungGen      total 343040K, used 21129K [0x00000000d5580000, 0x00000000ed900000, 0x0000000100000000)
  eden space 313344K, 0% used [0x00000000d5580000,0x00000000d5580000,0x00000000e8780000)
  from space 29696K, 71% used [0x00000000ea600000,0x00000000ebaa26f8,0x00000000ec300000)
  to   space 31232K, 0% used [0x00000000e8780000,0x00000000e8780000,0x00000000ea600000)
 ParOldGen       total 80896K, used 62281K [0x0000000080000000, 0x0000000084f00000, 0x00000000d5580000)
  object space 80896K, 76% used [0x0000000080000000,0x0000000083cd27c0,0x0000000084f00000)
 Metaspace       used 93589K, capacity 98298K, committed 98380K, reserved 1134592K
  class space    used 12381K, capacity 13350K, committed 13428K, reserved 1048576K
}
Event: 320.935 GC heap before
{Heap before GC invocations=26 (full 4):
 PSYoungGen      total 343040K, used 21129K [0x00000000d5580000, 0x00000000ed900000, 0x0000000100000000)
  eden space 313344K, 0% used [0x00000000d5580000,0x00000000d5580000,0x00000000e8780000)
  from space 29696K, 71% used [0x00000000ea600000,0x00000000ebaa26f8,0x00000000ec300000)
  to   space 31232K, 0% used [0x00000000e8780000,0x00000000e8780000,0x00000000ea600000)
 ParOldGen       total 80896K, used 62281K [0x0000000080000000, 0x0000000084f00000, 0x00000000d5580000)
  object space 80896K, 76% used [0x0000000080000000,0x0000000083cd27c0,0x0000000084f00000)
 Metaspace       used 93589K, capacity 98298K, committed 98380K, reserved 1134592K
  class space    used 12381K, capacity 13350K, committed 13428K, reserved 1048576K
Event: 329.362 GC heap after
Heap after GC invocations=26 (full 4):
 PSYoungGen      total 343040K, used 0K [0x00000000d5580000, 0x00000000ed900000, 0x0000000100000000)
  eden space 313344K, 0% used [0x00000000d5580000,0x00000000d5580000,0x00000000e8780000)
  from space 29696K, 0% used [0x00000000ea600000,0x00000000ea600000,0x00000000ec300000)
  to   space 31232K, 0% used [0x00000000e8780000,0x00000000e8780000,0x00000000ea600000)
 ParOldGen       total 124416K, used 64313K [0x0000000080000000, 0x0000000087980000, 0x00000000d5580000)
  object space 124416K, 51% used [0x0000000080000000,0x0000000083ece410,0x0000000087980000)
 Metaspace       used 93448K, capacity 97896K, committed 98380K, reserved 1134592K
  class space    used 12338K, capacity 13273K, committed 13428K, reserved 1048576K
}
Event: 381.739 GC heap before
{Heap before GC invocations=27 (full 4):
 PSYoungGen      total 343040K, used 313344K [0x00000000d5580000, 0x00000000ed900000, 0x0000000100000000)
  eden space 313344K, 100% used [0x00000000d5580000,0x00000000e8780000,0x00000000e8780000)
  from space 29696K, 0% used [0x00000000ea600000,0x00000000ea600000,0x00000000ec300000)
  to   space 31232K, 0% used [0x00000000e8780000,0x00000000e8780000,0x00000000ea600000)
 ParOldGen       total 124416K, used 64313K [0x0000000080000000, 0x0000000087980000, 0x00000000d5580000)
  object space 124416K, 51% used [0x0000000080000000,0x0000000083ece410,0x0000000087980000)
 Metaspace       used 106965K, capacity 112574K, committed 112844K, reserved 1146880K
  class space    used 14102K, capacity 15245K, committed 15348K, reserved 1048576K
Event: 385.101 GC heap after
Heap after GC invocations=27 (full 4):
 PSYoungGen      total 344576K, used 24817K [0x00000000d5580000, 0x00000000ed900000, 0x0000000100000000)
  eden space 313344K, 0% used [0x00000000d5580000,0x00000000d5580000,0x00000000e8780000)
  from space 31232K, 79% used [0x00000000e8780000,0x00000000e9fbc4f8,0x00000000ea600000)
  to   space 29696K, 0% used [0x00000000ea600000,0x00000000ea600000,0x00000000ec300000)
 ParOldGen       total 124416K, used 64337K [0x0000000080000000, 0x0000000087980000, 0x00000000d5580000)
  object space 124416K, 51% used [0x0000000080000000,0x0000000083ed4410,0x0000000087980000)
 Metaspace       used 106965K, capacity 112574K, committed 112844K, reserved 1146880K
  class space    used 14102K, capacity 15245K, committed 15348K, reserved 1048576K
}

